	ADR PROGRAM
OUT1
	TST '⊙'
	BF L1
	TB
	CL 'CI'
	NL
L1
	BT L2
	SR
	BF L3
	TB
	CL 'CL '
	CI
	NL
L3
	BT L2
	TST '#'
	BF L4
	TB
	CL 'GN'
	NL
L4
	BT L2
	TST '↵'
	BF L5
	TB
	CL 'NL'
	NL
L5
	BT L2
	TST '⇤'
	BF L6
	TB
	CL 'LB'
	NL
L6
	BT L2
	TST '⇥'
	BF L7
	TB
	CL 'TB'
	NL
L7
	BT L2
	TST '↦'
	BF L8
	TB
	CL 'LMI'
	NL
L8
	BT L2
	TST '↤'
	BF L9
	TB
	CL 'LMD'
	NL
L9
L2
	R
OUTPUT
	TST '«'
	BF L10
L11
	CLL OUT1
	BT L11
	SET
	BE
	TST '»'
	BE
L10
L12
	R
EX3
	ID
	BF L13
	TB
	CL 'CLL '
	CI
	NL
L13
	BT L14
	SR
	BF L15
	TB
	CL 'TST '
	CI
	NL
L15
	BT L14
	TST '●'
	BF L16
	TB
	CL 'ID'
	NL
L16
	BT L14
	TST 'ℕ'
	BF L17
	TB
	CL 'NUM'
	NL
L17
	BT L14
	TST '≋'
	BF L18
	TB
	CL 'SR'
	NL
L18
	BT L14
	TST '('
	BF L19
	CLL EX1
	BE
	TST ')'
	BE
L19
	BT L14
	TST '∅'
	BF L20
	TB
	CL 'SET'
	NL
L20
	BT L14
	TST '★'
	BF L21
	LB
	CL 'L'
	GN
	NL
	CLL EX3
	BE
	TB
	CL 'BT L'
	GN
	NL
	TB
	CL 'SET'
	NL
L21
L14
	R
EX2
	CLL EX3
	BF L22
	TB
	CL 'BF L'
	GN
	NL
L22
	BT L23
	CLL OUTPUT
	BF L24
L24
L23
	BF L25
L26
	CLL EX3
	BF L27
	TB
	CL 'BE'
	NL
L27
	BT L28
	CLL OUTPUT
	BF L29
L29
L28
	BT L26
	SET
	BE
	LB
	CL 'L'
	GN
	NL
L25
L30
	R
EX1
	CLL EX2
	BF L31
L32
	TST '|'
	BF L33
	TB
	CL 'BT L'
	GN
	NL
	CLL EX2
	BE
L33
L34
	BT L32
	SET
	BE
	LB
	CL 'L'
	GN
	NL
L31
L35
	R
ST
	ID
	BF L36
	LB
	CI
	NL
	TST '→'
	BE
	CLL EX1
	BE
	TST '▪'
	BE
	TB
	CL 'R'
	NL
L36
L37
	R
PROGRAM
	TST '▶'
	BF L38
	ID
	BE
	LB
	TB
	CL 'ADR '
	CI
	NL
L39
	CLL ST
	BT L39
	SET
	BE
	TST '◀'
	BE
	TB
	CL 'END'
	NL
L38
L40
	R
	END

